Determining if the include file dbmalloc.h exists failed with the following output:
Change Dir: /home/vipul/ossim-svn/src/ossim_package_support/cmake/build/CMakeFiles/CMakeTmp

Run Build Command:/usr/bin/make "cmTryCompileExec/fast"
/usr/bin/make -f CMakeFiles/cmTryCompileExec.dir/build.make CMakeFiles/cmTryCompileExec.dir/build
make[1]: Entering directory `/home/vipul/ossim-svn/src/ossim_package_support/cmake/build/CMakeFiles/CMakeTmp'
/usr/local/bin/cmake -E cmake_progress_report /home/vipul/ossim-svn/src/ossim_package_support/cmake/build/CMakeFiles/CMakeTmp/CMakeFiles 1
Building C object CMakeFiles/cmTryCompileExec.dir/CheckIncludeFile.c.o
/usr/bin/gcc    -o CMakeFiles/cmTryCompileExec.dir/CheckIncludeFile.c.o   -c /home/vipul/ossim-svn/src/ossim_package_support/cmake/build/CMakeFiles/CMakeTmp/CheckIncludeFile.c
/home/vipul/ossim-svn/src/ossim_package_support/cmake/build/CMakeFiles/CMakeTmp/CheckIncludeFile.c:1: fatal error: dbmalloc.h: No such file or directory
compilation terminated.
make[1]: *** [CMakeFiles/cmTryCompileExec.dir/CheckIncludeFile.c.o] Error 1
make[1]: Leaving directory `/home/vipul/ossim-svn/src/ossim_package_support/cmake/build/CMakeFiles/CMakeTmp'
make: *** [cmTryCompileExec/fast] Error 2


Determining if the Q_WS_WIN exist failed with the following output:
Change Dir: /home/vipul/ossim-svn/src/ossim_package_support/cmake/build/CMakeFiles/CMakeTmp

Run Build Command:/usr/bin/make "cmTryCompileExec/fast"
/usr/bin/make -f CMakeFiles/cmTryCompileExec.dir/build.make CMakeFiles/cmTryCompileExec.dir/build
make[1]: Entering directory `/home/vipul/ossim-svn/src/ossim_package_support/cmake/build/CMakeFiles/CMakeTmp'
/usr/local/bin/cmake -E cmake_progress_report /home/vipul/ossim-svn/src/ossim_package_support/cmake/build/CMakeFiles/CMakeTmp/CMakeFiles 1
Building C object CMakeFiles/cmTryCompileExec.dir/CheckSymbolExists.c.o
/usr/bin/gcc   -I/usr/include/qt4   -o CMakeFiles/cmTryCompileExec.dir/CheckSymbolExists.c.o   -c /home/vipul/ossim-svn/src/ossim_package_support/cmake/build/CMakeFiles/CMakeTmp/CheckSymbolExists.c
/home/vipul/ossim-svn/src/ossim_package_support/cmake/build/CMakeFiles/CMakeTmp/CheckSymbolExists.c: In function ‘main’:
/home/vipul/ossim-svn/src/ossim_package_support/cmake/build/CMakeFiles/CMakeTmp/CheckSymbolExists.c:8: error: ‘Q_WS_WIN’ undeclared (first use in this function)
/home/vipul/ossim-svn/src/ossim_package_support/cmake/build/CMakeFiles/CMakeTmp/CheckSymbolExists.c:8: error: (Each undeclared identifier is reported only once
/home/vipul/ossim-svn/src/ossim_package_support/cmake/build/CMakeFiles/CMakeTmp/CheckSymbolExists.c:8: error: for each function it appears in.)
make[1]: *** [CMakeFiles/cmTryCompileExec.dir/CheckSymbolExists.c.o] Error 1
make[1]: Leaving directory `/home/vipul/ossim-svn/src/ossim_package_support/cmake/build/CMakeFiles/CMakeTmp'
make: *** [cmTryCompileExec/fast] Error 2

File /home/vipul/ossim-svn/src/ossim_package_support/cmake/build/CMakeFiles/CMakeTmp/CheckSymbolExists.c:
/* */
#include <QtCore/qglobal.h>

void cmakeRequireSymbol(int dummy,...){(void)dummy;}
int main()
{
#ifndef Q_WS_WIN
  cmakeRequireSymbol(0,&Q_WS_WIN);
#endif
  return 0;
}

Determining if the Q_WS_QWS exist failed with the following output:
Change Dir: /home/vipul/ossim-svn/src/ossim_package_support/cmake/build/CMakeFiles/CMakeTmp

Run Build Command:/usr/bin/make "cmTryCompileExec/fast"
/usr/bin/make -f CMakeFiles/cmTryCompileExec.dir/build.make CMakeFiles/cmTryCompileExec.dir/build
make[1]: Entering directory `/home/vipul/ossim-svn/src/ossim_package_support/cmake/build/CMakeFiles/CMakeTmp'
/usr/local/bin/cmake -E cmake_progress_report /home/vipul/ossim-svn/src/ossim_package_support/cmake/build/CMakeFiles/CMakeTmp/CMakeFiles 1
Building C object CMakeFiles/cmTryCompileExec.dir/CheckSymbolExists.c.o
/usr/bin/gcc   -I/usr/include/qt4   -o CMakeFiles/cmTryCompileExec.dir/CheckSymbolExists.c.o   -c /home/vipul/ossim-svn/src/ossim_package_support/cmake/build/CMakeFiles/CMakeTmp/CheckSymbolExists.c
/home/vipul/ossim-svn/src/ossim_package_support/cmake/build/CMakeFiles/CMakeTmp/CheckSymbolExists.c: In function ‘main’:
/home/vipul/ossim-svn/src/ossim_package_support/cmake/build/CMakeFiles/CMakeTmp/CheckSymbolExists.c:8: error: ‘Q_WS_QWS’ undeclared (first use in this function)
/home/vipul/ossim-svn/src/ossim_package_support/cmake/build/CMakeFiles/CMakeTmp/CheckSymbolExists.c:8: error: (Each undeclared identifier is reported only once
/home/vipul/ossim-svn/src/ossim_package_support/cmake/build/CMakeFiles/CMakeTmp/CheckSymbolExists.c:8: error: for each function it appears in.)
make[1]: *** [CMakeFiles/cmTryCompileExec.dir/CheckSymbolExists.c.o] Error 1
make[1]: Leaving directory `/home/vipul/ossim-svn/src/ossim_package_support/cmake/build/CMakeFiles/CMakeTmp'
make: *** [cmTryCompileExec/fast] Error 2

File /home/vipul/ossim-svn/src/ossim_package_support/cmake/build/CMakeFiles/CMakeTmp/CheckSymbolExists.c:
/* */
#include <QtCore/qglobal.h>

void cmakeRequireSymbol(int dummy,...){(void)dummy;}
int main()
{
#ifndef Q_WS_QWS
  cmakeRequireSymbol(0,&Q_WS_QWS);
#endif
  return 0;
}

Determining if the Q_WS_MAC exist failed with the following output:
Change Dir: /home/vipul/ossim-svn/src/ossim_package_support/cmake/build/CMakeFiles/CMakeTmp

Run Build Command:/usr/bin/make "cmTryCompileExec/fast"
/usr/bin/make -f CMakeFiles/cmTryCompileExec.dir/build.make CMakeFiles/cmTryCompileExec.dir/build
make[1]: Entering directory `/home/vipul/ossim-svn/src/ossim_package_support/cmake/build/CMakeFiles/CMakeTmp'
/usr/local/bin/cmake -E cmake_progress_report /home/vipul/ossim-svn/src/ossim_package_support/cmake/build/CMakeFiles/CMakeTmp/CMakeFiles 1
Building C object CMakeFiles/cmTryCompileExec.dir/CheckSymbolExists.c.o
/usr/bin/gcc   -I/usr/include/qt4   -o CMakeFiles/cmTryCompileExec.dir/CheckSymbolExists.c.o   -c /home/vipul/ossim-svn/src/ossim_package_support/cmake/build/CMakeFiles/CMakeTmp/CheckSymbolExists.c
/home/vipul/ossim-svn/src/ossim_package_support/cmake/build/CMakeFiles/CMakeTmp/CheckSymbolExists.c: In function ‘main’:
/home/vipul/ossim-svn/src/ossim_package_support/cmake/build/CMakeFiles/CMakeTmp/CheckSymbolExists.c:8: error: ‘Q_WS_MAC’ undeclared (first use in this function)
/home/vipul/ossim-svn/src/ossim_package_support/cmake/build/CMakeFiles/CMakeTmp/CheckSymbolExists.c:8: error: (Each undeclared identifier is reported only once
/home/vipul/ossim-svn/src/ossim_package_support/cmake/build/CMakeFiles/CMakeTmp/CheckSymbolExists.c:8: error: for each function it appears in.)
make[1]: *** [CMakeFiles/cmTryCompileExec.dir/CheckSymbolExists.c.o] Error 1
make[1]: Leaving directory `/home/vipul/ossim-svn/src/ossim_package_support/cmake/build/CMakeFiles/CMakeTmp'
make: *** [cmTryCompileExec/fast] Error 2

File /home/vipul/ossim-svn/src/ossim_package_support/cmake/build/CMakeFiles/CMakeTmp/CheckSymbolExists.c:
/* */
#include <QtCore/qglobal.h>

void cmakeRequireSymbol(int dummy,...){(void)dummy;}
int main()
{
#ifndef Q_WS_MAC
  cmakeRequireSymbol(0,&Q_WS_MAC);
#endif
  return 0;
}

Determining if the include file dbmalloc.h exists failed with the following output:
Change Dir: /home/vipul/ossim-svn/src/ossim_package_support/cmake/build/CMakeFiles/CMakeTmp

Run Build Command:/usr/bin/make "cmTryCompileExec/fast"
make[1]: Entering directory `/home/vipul/ossim-svn/src/ossim_package_support/cmake/build/CMakeFiles/CMakeTmp'
/usr/bin/make -f CMakeFiles/cmTryCompileExec.dir/build.make CMakeFiles/cmTryCompileExec.dir/build
make[2]: Entering directory `/home/vipul/ossim-svn/src/ossim_package_support/cmake/build/CMakeFiles/CMakeTmp'
/usr/local/bin/cmake -E cmake_progress_report /home/vipul/ossim-svn/src/ossim_package_support/cmake/build/CMakeFiles/CMakeTmp/CMakeFiles 1
Building C object CMakeFiles/cmTryCompileExec.dir/CheckIncludeFile.c.o
/usr/bin/gcc    -o CMakeFiles/cmTryCompileExec.dir/CheckIncludeFile.c.o   -c /home/vipul/ossim-svn/src/ossim_package_support/cmake/build/CMakeFiles/CMakeTmp/CheckIncludeFile.c
/home/vipul/ossim-svn/src/ossim_package_support/cmake/build/CMakeFiles/CMakeTmp/CheckIncludeFile.c:1: fatal error: dbmalloc.h: No such file or directory
compilation terminated.
make[2]: Leaving directory `/home/vipul/ossim-svn/src/ossim_package_support/cmake/build/CMakeFiles/CMakeTmp'
make[2]: *** [CMakeFiles/cmTryCompileExec.dir/CheckIncludeFile.c.o] Error 1
make[1]: *** [cmTryCompileExec/fast] Error 2
make[1]: Leaving directory `/home/vipul/ossim-svn/src/ossim_package_support/cmake/build/CMakeFiles/CMakeTmp'


Determining if the Q_WS_WIN exist failed with the following output:
Change Dir: /home/vipul/ossim-svn/src/ossim_package_support/cmake/build/CMakeFiles/CMakeTmp

Run Build Command:/usr/bin/make "cmTryCompileExec/fast"
make[1]: Entering directory `/home/vipul/ossim-svn/src/ossim_package_support/cmake/build/CMakeFiles/CMakeTmp'
/usr/bin/make -f CMakeFiles/cmTryCompileExec.dir/build.make CMakeFiles/cmTryCompileExec.dir/build
make[2]: Entering directory `/home/vipul/ossim-svn/src/ossim_package_support/cmake/build/CMakeFiles/CMakeTmp'
/usr/local/bin/cmake -E cmake_progress_report /home/vipul/ossim-svn/src/ossim_package_support/cmake/build/CMakeFiles/CMakeTmp/CMakeFiles 1
Building C object CMakeFiles/cmTryCompileExec.dir/CheckSymbolExists.c.o
/usr/bin/gcc   -I/usr/include/qt4   -o CMakeFiles/cmTryCompileExec.dir/CheckSymbolExists.c.o   -c /home/vipul/ossim-svn/src/ossim_package_support/cmake/build/CMakeFiles/CMakeTmp/CheckSymbolExists.c
/home/vipul/ossim-svn/src/ossim_package_support/cmake/build/CMakeFiles/CMakeTmp/CheckSymbolExists.c: In function ‘main’:
/home/vipul/ossim-svn/src/ossim_package_support/cmake/build/CMakeFiles/CMakeTmp/CheckSymbolExists.c:8: error: ‘Q_WS_WIN’ undeclared (first use in this function)
/home/vipul/ossim-svn/src/ossim_package_support/cmake/build/CMakeFiles/CMakeTmp/CheckSymbolExists.c:8: error: (Each undeclared identifier is reported only once
/home/vipul/ossim-svn/src/ossim_package_support/cmake/build/CMakeFiles/CMakeTmp/CheckSymbolExists.c:8: error: for each function it appears in.)
make[2]: *** [CMakeFiles/cmTryCompileExec.dir/CheckSymbolExists.c.o] Error 1
make[2]: Leaving directory `/home/vipul/ossim-svn/src/ossim_package_support/cmake/build/CMakeFiles/CMakeTmp'
make[1]: *** [cmTryCompileExec/fast] Error 2
make[1]: Leaving directory `/home/vipul/ossim-svn/src/ossim_package_support/cmake/build/CMakeFiles/CMakeTmp'

File /home/vipul/ossim-svn/src/ossim_package_support/cmake/build/CMakeFiles/CMakeTmp/CheckSymbolExists.c:
/* */
#include <QtCore/qglobal.h>

void cmakeRequireSymbol(int dummy,...){(void)dummy;}
int main()
{
#ifndef Q_WS_WIN
  cmakeRequireSymbol(0,&Q_WS_WIN);
#endif
  return 0;
}

Determining if the Q_WS_QWS exist failed with the following output:
Change Dir: /home/vipul/ossim-svn/src/ossim_package_support/cmake/build/CMakeFiles/CMakeTmp

Run Build Command:/usr/bin/make "cmTryCompileExec/fast"
make[1]: Entering directory `/home/vipul/ossim-svn/src/ossim_package_support/cmake/build/CMakeFiles/CMakeTmp'
/usr/bin/make -f CMakeFiles/cmTryCompileExec.dir/build.make CMakeFiles/cmTryCompileExec.dir/build
make[2]: Entering directory `/home/vipul/ossim-svn/src/ossim_package_support/cmake/build/CMakeFiles/CMakeTmp'
/usr/local/bin/cmake -E cmake_progress_report /home/vipul/ossim-svn/src/ossim_package_support/cmake/build/CMakeFiles/CMakeTmp/CMakeFiles 1
Building C object CMakeFiles/cmTryCompileExec.dir/CheckSymbolExists.c.o
/usr/bin/gcc   -I/usr/include/qt4   -o CMakeFiles/cmTryCompileExec.dir/CheckSymbolExists.c.o   -c /home/vipul/ossim-svn/src/ossim_package_support/cmake/build/CMakeFiles/CMakeTmp/CheckSymbolExists.c
/home/vipul/ossim-svn/src/ossim_package_support/cmake/build/CMakeFiles/CMakeTmp/CheckSymbolExists.c: In function ‘main’:
/home/vipul/ossim-svn/src/ossim_package_support/cmake/build/CMakeFiles/CMakeTmp/CheckSymbolExists.c:8: error: ‘Q_WS_QWS’ undeclared (first use in this function)
/home/vipul/ossim-svn/src/ossim_package_support/cmake/build/CMakeFiles/CMakeTmp/CheckSymbolExists.c:8: error: (Each undeclared identifier is reported only once
/home/vipul/ossim-svn/src/ossim_package_support/cmake/build/CMakeFiles/CMakeTmp/CheckSymbolExists.c:8: error: for each function it appears in.)
make[2]: *** [CMakeFiles/cmTryCompileExec.dir/CheckSymbolExists.c.o] Error 1
make[2]: Leaving directory `/home/vipul/ossim-svn/src/ossim_package_support/cmake/build/CMakeFiles/CMakeTmp'
make[1]: *** [cmTryCompileExec/fast] Error 2
make[1]: Leaving directory `/home/vipul/ossim-svn/src/ossim_package_support/cmake/build/CMakeFiles/CMakeTmp'

File /home/vipul/ossim-svn/src/ossim_package_support/cmake/build/CMakeFiles/CMakeTmp/CheckSymbolExists.c:
/* */
#include <QtCore/qglobal.h>

void cmakeRequireSymbol(int dummy,...){(void)dummy;}
int main()
{
#ifndef Q_WS_QWS
  cmakeRequireSymbol(0,&Q_WS_QWS);
#endif
  return 0;
}

Determining if the Q_WS_MAC exist failed with the following output:
Change Dir: /home/vipul/ossim-svn/src/ossim_package_support/cmake/build/CMakeFiles/CMakeTmp

Run Build Command:/usr/bin/make "cmTryCompileExec/fast"
make[1]: Entering directory `/home/vipul/ossim-svn/src/ossim_package_support/cmake/build/CMakeFiles/CMakeTmp'
/usr/bin/make -f CMakeFiles/cmTryCompileExec.dir/build.make CMakeFiles/cmTryCompileExec.dir/build
make[2]: Entering directory `/home/vipul/ossim-svn/src/ossim_package_support/cmake/build/CMakeFiles/CMakeTmp'
/usr/local/bin/cmake -E cmake_progress_report /home/vipul/ossim-svn/src/ossim_package_support/cmake/build/CMakeFiles/CMakeTmp/CMakeFiles 1
Building C object CMakeFiles/cmTryCompileExec.dir/CheckSymbolExists.c.o
/usr/bin/gcc   -I/usr/include/qt4   -o CMakeFiles/cmTryCompileExec.dir/CheckSymbolExists.c.o   -c /home/vipul/ossim-svn/src/ossim_package_support/cmake/build/CMakeFiles/CMakeTmp/CheckSymbolExists.c
/home/vipul/ossim-svn/src/ossim_package_support/cmake/build/CMakeFiles/CMakeTmp/CheckSymbolExists.c: In function ‘main’:
/home/vipul/ossim-svn/src/ossim_package_support/cmake/build/CMakeFiles/CMakeTmp/CheckSymbolExists.c:8: error: ‘Q_WS_MAC’ undeclared (first use in this function)
/home/vipul/ossim-svn/src/ossim_package_support/cmake/build/CMakeFiles/CMakeTmp/CheckSymbolExists.c:8: error: (Each undeclared identifier is reported only once
/home/vipul/ossim-svn/src/ossim_package_support/cmake/build/CMakeFiles/CMakeTmp/CheckSymbolExists.c:8: error: for each function it appears in.)
make[2]: Leaving directory `/home/vipul/ossim-svn/src/ossim_package_support/cmake/build/CMakeFiles/CMakeTmp'
make[2]: *** [CMakeFiles/cmTryCompileExec.dir/CheckSymbolExists.c.o] Error 1
make[1]: Leaving directory `/home/vipul/ossim-svn/src/ossim_package_support/cmake/build/CMakeFiles/CMakeTmp'
make[1]: *** [cmTryCompileExec/fast] Error 2

File /home/vipul/ossim-svn/src/ossim_package_support/cmake/build/CMakeFiles/CMakeTmp/CheckSymbolExists.c:
/* */
#include <QtCore/qglobal.h>

void cmakeRequireSymbol(int dummy,...){(void)dummy;}
int main()
{
#ifndef Q_WS_MAC
  cmakeRequireSymbol(0,&Q_WS_MAC);
#endif
  return 0;
}

