This file contains any messages produced by compilers while
running configure, to aid debugging if configure makes a mistake.

It was created by GPSTK configure 1.6, which was
generated by GNU Autoconf 2.61.  Invocation command line was

  $ ./configure --with-pic

## --------- ##
## Platform. ##
## --------- ##

hostname = vipul-laptop
uname -m = i686
uname -r = 2.6.35-22-generic
uname -s = Linux
uname -v = #35-Ubuntu SMP Sat Oct 16 20:36:48 UTC 2010

/usr/bin/uname -p = unknown
/bin/uname -X     = unknown

/bin/arch              = unknown
/usr/bin/arch -k       = unknown
/usr/convex/getsysinfo = unknown
/usr/bin/hostinfo      = unknown
/bin/machine           = unknown
/usr/bin/oslevel       = unknown
/bin/universe          = unknown

PATH: /usr/local/sbin
PATH: /usr/local/bin
PATH: /usr/sbin
PATH: /usr/bin
PATH: /sbin
PATH: /bin
PATH: /usr/games


## ----------- ##
## Core tests. ##
## ----------- ##

configure:1980: checking for a BSD-compatible install
configure:2036: result: /usr/bin/install -c
configure:2047: checking whether build environment is sane
configure:2090: result: yes
configure:2118: checking for a thread-safe mkdir -p
configure:2157: result: /bin/mkdir -p
configure:2170: checking for gawk
configure:2200: result: no
configure:2170: checking for mawk
configure:2186: found /usr/bin/mawk
configure:2197: result: mawk
configure:2208: checking whether make sets $(MAKE)
configure:2229: result: yes
configure:2490: checking for g++
configure:2506: found /usr/bin/g++
configure:2517: result: g++
configure:2548: checking for C++ compiler version
configure:2555: g++ --version >&5
g++ (Ubuntu/Linaro 4.4.4-14ubuntu5) 4.4.5
Copyright (C) 2010 Free Software Foundation, Inc.
This is free software; see the source for copying conditions.  There is NO
warranty; not even for MERCHANTABILITY or FITNESS FOR A PARTICULAR PURPOSE.

configure:2558: $? = 0
configure:2565: g++ -v >&5
Using built-in specs.
Target: i686-linux-gnu
Configured with: ../src/configure -v --with-pkgversion='Ubuntu/Linaro 4.4.4-14ubuntu5' --with-bugurl=file:///usr/share/doc/gcc-4.4/README.Bugs --enable-languages=c,c++,fortran,objc,obj-c++ --prefix=/usr --program-suffix=-4.4 --enable-shared --enable-multiarch --enable-linker-build-id --with-system-zlib --libexecdir=/usr/lib --without-included-gettext --enable-threads=posix --with-gxx-include-dir=/usr/include/c++/4.4 --libdir=/usr/lib --enable-nls --with-sysroot=/ --enable-clocale=gnu --enable-libstdcxx-debug --enable-objc-gc --enable-targets=all --disable-werror --with-arch-32=i686 --with-tune=generic --enable-checking=release --build=i686-linux-gnu --host=i686-linux-gnu --target=i686-linux-gnu
Thread model: posix
gcc version 4.4.5 (Ubuntu/Linaro 4.4.4-14ubuntu5) 
configure:2568: $? = 0
configure:2575: g++ -V >&5
g++: '-V' option must have argument
configure:2578: $? = 1
configure:2601: checking for C++ compiler default output file name
configure:2628: g++    conftest.cpp  >&5
configure:2631: $? = 0
configure:2669: result: a.out
configure:2686: checking whether the C++ compiler works
configure:2696: ./a.out
configure:2699: $? = 0
configure:2716: result: yes
configure:2723: checking whether we are cross compiling
configure:2725: result: no
configure:2728: checking for suffix of executables
configure:2735: g++ -o conftest    conftest.cpp  >&5
configure:2738: $? = 0
configure:2762: result: 
configure:2768: checking for suffix of object files
configure:2794: g++ -c   conftest.cpp >&5
configure:2797: $? = 0
configure:2820: result: o
configure:2824: checking whether we are using the GNU C++ compiler
configure:2853: g++ -c   conftest.cpp >&5
configure:2859: $? = 0
configure:2876: result: yes
configure:2881: checking whether g++ accepts -g
configure:2911: g++ -c -g  conftest.cpp >&5
configure:2917: $? = 0
configure:3016: result: yes
configure:3050: checking for style of include used by make
configure:3078: result: GNU
configure:3103: checking dependency style of g++
configure:3194: result: gcc3
configure:3257: checking for gcc
configure:3273: found /usr/bin/gcc
configure:3284: result: gcc
configure:3522: checking for C compiler version
configure:3529: gcc --version >&5
gcc (Ubuntu/Linaro 4.4.4-14ubuntu5) 4.4.5
Copyright (C) 2010 Free Software Foundation, Inc.
This is free software; see the source for copying conditions.  There is NO
warranty; not even for MERCHANTABILITY or FITNESS FOR A PARTICULAR PURPOSE.

configure:3532: $? = 0
configure:3539: gcc -v >&5
Using built-in specs.
Target: i686-linux-gnu
Configured with: ../src/configure -v --with-pkgversion='Ubuntu/Linaro 4.4.4-14ubuntu5' --with-bugurl=file:///usr/share/doc/gcc-4.4/README.Bugs --enable-languages=c,c++,fortran,objc,obj-c++ --prefix=/usr --program-suffix=-4.4 --enable-shared --enable-multiarch --enable-linker-build-id --with-system-zlib --libexecdir=/usr/lib --without-included-gettext --enable-threads=posix --with-gxx-include-dir=/usr/include/c++/4.4 --libdir=/usr/lib --enable-nls --with-sysroot=/ --enable-clocale=gnu --enable-libstdcxx-debug --enable-objc-gc --enable-targets=all --disable-werror --with-arch-32=i686 --with-tune=generic --enable-checking=release --build=i686-linux-gnu --host=i686-linux-gnu --target=i686-linux-gnu
Thread model: posix
gcc version 4.4.5 (Ubuntu/Linaro 4.4.4-14ubuntu5) 
configure:3542: $? = 0
configure:3549: gcc -V >&5
gcc: '-V' option must have argument
configure:3552: $? = 1
configure:3555: checking whether we are using the GNU C compiler
configure:3584: gcc -c   conftest.c >&5
configure:3590: $? = 0
configure:3607: result: yes
configure:3612: checking whether gcc accepts -g
configure:3642: gcc -c -g  conftest.c >&5
configure:3648: $? = 0
configure:3747: result: yes
configure:3764: checking for gcc option to accept ISO C89
configure:3838: gcc  -c -g -O2  conftest.c >&5
configure:3844: $? = 0
configure:3867: result: none needed
configure:3887: checking dependency style of gcc
configure:3978: result: gcc3
configure:4026: checking build system type
configure:4044: result: i686-pc-linux-gnu
configure:4066: checking host system type
configure:4081: result: i686-pc-linux-gnu
configure:4103: checking for a sed that does not truncate output
configure:4182: result: /bin/sed
configure:4200: checking for grep that handles long lines and -e
configure:4274: result: /bin/grep
configure:4279: checking for egrep
configure:4357: result: /bin/grep -E
configure:4362: checking for fgrep
configure:4440: result: /bin/grep -F
configure:4475: checking for ld used by gcc
configure:4542: result: /usr/bin/ld
configure:4551: checking if the linker (/usr/bin/ld) is GNU ld
configure:4566: result: yes
configure:4578: checking for BSD- or MS-compatible name lister (nm)
configure:4627: result: /usr/bin/nm -B
configure:4749: checking the name lister (/usr/bin/nm -B) interface
configure:4756: g++ -c -g -O2  conftest.cpp >&5
configure:4759: /usr/bin/nm -B "conftest.o"
configure:4762: output
00000000 B some_variable
configure:4769: result: BSD nm
configure:4772: checking whether ln -s works
configure:4776: result: yes
configure:4784: checking the maximum length of command line arguments
configure:4904: result: 1572864
configure:4921: checking whether the shell understands some XSI constructs
configure:4931: result: yes
configure:4935: checking whether the shell understands "+="
configure:4941: result: yes
configure:4976: checking for /usr/bin/ld option to reload object files
configure:4983: result: -r
configure:5010: checking how to recognize dependent libraries
configure:5200: result: pass_all
configure:5260: checking for ar
configure:5276: found /usr/bin/ar
configure:5287: result: ar
configure:5369: checking for strip
configure:5385: found /usr/bin/strip
configure:5396: result: strip
configure:5472: checking for ranlib
configure:5488: found /usr/bin/ranlib
configure:5499: result: ranlib
configure:5593: checking command to parse /usr/bin/nm -B output from gcc object
configure:5711: g++ -c -g -O2  conftest.cpp >&5
configure:5714: $? = 0
configure:5718: /usr/bin/nm -B conftest.o \| sed -n -e 's/^.*[	 ]\([ABCDGIRSTW][ABCDGIRSTW]*\)[	 ][	 ]*\([_A-Za-z][_A-Za-z0-9]*\)$/\1 \2 \2/p' \> conftest.nm
configure:5721: $? = 0
configure:5775: g++ -o conftest -g -O2   conftest.cpp conftstm.o >&5
configure:5778: $? = 0
configure:5816: result: ok
configure:6695: checking how to run the C preprocessor
configure:6735: gcc -E  conftest.c
configure:6741: $? = 0
configure:6772: gcc -E  conftest.c
conftest.c:10: fatal error: ac_nonexistent.h: No such file or directory
compilation terminated.
configure:6778: $? = 1
configure: failed program was:
| /* confdefs.h.  */
| #define PACKAGE_NAME "GPSTK"
| #define PACKAGE_TARNAME "gpstk"
| #define PACKAGE_VERSION "1.6"
| #define PACKAGE_STRING "GPSTK 1.6"
| #define PACKAGE_BUGREPORT "http://www.gpstk.org/"
| #define PACKAGE "gpstk"
| #define VERSION "1.6"
| /* end confdefs.h.  */
| #include <ac_nonexistent.h>
configure:6811: result: gcc -E
configure:6840: gcc -E  conftest.c
configure:6846: $? = 0
configure:6877: gcc -E  conftest.c
conftest.c:10: fatal error: ac_nonexistent.h: No such file or directory
compilation terminated.
configure:6883: $? = 1
configure: failed program was:
| /* confdefs.h.  */
| #define PACKAGE_NAME "GPSTK"
| #define PACKAGE_TARNAME "gpstk"
| #define PACKAGE_VERSION "1.6"
| #define PACKAGE_STRING "GPSTK 1.6"
| #define PACKAGE_BUGREPORT "http://www.gpstk.org/"
| #define PACKAGE "gpstk"
| #define VERSION "1.6"
| /* end confdefs.h.  */
| #include <ac_nonexistent.h>
configure:6921: checking for ANSI C header files
configure:6951: gcc -c -g -O2  conftest.c >&5
configure:6957: $? = 0
configure:7056: gcc -o conftest -g -O2   conftest.c  >&5
configure:7059: $? = 0
configure:7065: ./conftest
configure:7068: $? = 0
configure:7085: result: yes
configure:7109: checking for sys/types.h
configure:7130: gcc -c -g -O2  conftest.c >&5
configure:7136: $? = 0
configure:7152: result: yes
configure:7109: checking for sys/stat.h
configure:7130: gcc -c -g -O2  conftest.c >&5
configure:7136: $? = 0
configure:7152: result: yes
configure:7109: checking for stdlib.h
configure:7130: gcc -c -g -O2  conftest.c >&5
configure:7136: $? = 0
configure:7152: result: yes
configure:7109: checking for string.h
configure:7130: gcc -c -g -O2  conftest.c >&5
configure:7136: $? = 0
configure:7152: result: yes
configure:7109: checking for memory.h
configure:7130: gcc -c -g -O2  conftest.c >&5
configure:7136: $? = 0
configure:7152: result: yes
configure:7109: checking for strings.h
configure:7130: gcc -c -g -O2  conftest.c >&5
configure:7136: $? = 0
configure:7152: result: yes
configure:7109: checking for inttypes.h
configure:7130: gcc -c -g -O2  conftest.c >&5
configure:7136: $? = 0
configure:7152: result: yes
configure:7109: checking for stdint.h
configure:7130: gcc -c -g -O2  conftest.c >&5
configure:7136: $? = 0
configure:7152: result: yes
configure:7109: checking for unistd.h
configure:7130: gcc -c -g -O2  conftest.c >&5
configure:7136: $? = 0
configure:7152: result: yes
configure:7168: checking for dlfcn.h
configure:7189: gcc -c -g -O2  conftest.c >&5
configure:7195: $? = 0
configure:7211: result: yes
configure:7340: checking for C++ compiler version
configure:7347: g++ --version >&5
g++ (Ubuntu/Linaro 4.4.4-14ubuntu5) 4.4.5
Copyright (C) 2010 Free Software Foundation, Inc.
This is free software; see the source for copying conditions.  There is NO
warranty; not even for MERCHANTABILITY or FITNESS FOR A PARTICULAR PURPOSE.

configure:7350: $? = 0
configure:7357: g++ -v >&5
Using built-in specs.
Target: i686-linux-gnu
Configured with: ../src/configure -v --with-pkgversion='Ubuntu/Linaro 4.4.4-14ubuntu5' --with-bugurl=file:///usr/share/doc/gcc-4.4/README.Bugs --enable-languages=c,c++,fortran,objc,obj-c++ --prefix=/usr --program-suffix=-4.4 --enable-shared --enable-multiarch --enable-linker-build-id --with-system-zlib --libexecdir=/usr/lib --without-included-gettext --enable-threads=posix --with-gxx-include-dir=/usr/include/c++/4.4 --libdir=/usr/lib --enable-nls --with-sysroot=/ --enable-clocale=gnu --enable-libstdcxx-debug --enable-objc-gc --enable-targets=all --disable-werror --with-arch-32=i686 --with-tune=generic --enable-checking=release --build=i686-linux-gnu --host=i686-linux-gnu --target=i686-linux-gnu
Thread model: posix
gcc version 4.4.5 (Ubuntu/Linaro 4.4.4-14ubuntu5) 
configure:7360: $? = 0
configure:7367: g++ -V >&5
g++: '-V' option must have argument
configure:7370: $? = 1
configure:7373: checking whether we are using the GNU C++ compiler
configure:7425: result: yes
configure:7430: checking whether g++ accepts -g
configure:7565: result: yes
configure:7590: checking dependency style of g++
configure:7681: result: gcc3
configure:7704: checking how to run the C++ preprocessor
configure:7740: g++ -E  conftest.cpp
configure:7746: $? = 0
configure:7777: g++ -E  conftest.cpp
conftest.cpp:21: fatal error: ac_nonexistent.h: No such file or directory
compilation terminated.
configure:7783: $? = 1
configure: failed program was:
| /* confdefs.h.  */
| #define PACKAGE_NAME "GPSTK"
| #define PACKAGE_TARNAME "gpstk"
| #define PACKAGE_VERSION "1.6"
| #define PACKAGE_STRING "GPSTK 1.6"
| #define PACKAGE_BUGREPORT "http://www.gpstk.org/"
| #define PACKAGE "gpstk"
| #define VERSION "1.6"
| #define STDC_HEADERS 1
| #define HAVE_SYS_TYPES_H 1
| #define HAVE_SYS_STAT_H 1
| #define HAVE_STDLIB_H 1
| #define HAVE_STRING_H 1
| #define HAVE_MEMORY_H 1
| #define HAVE_STRINGS_H 1
| #define HAVE_INTTYPES_H 1
| #define HAVE_STDINT_H 1
| #define HAVE_UNISTD_H 1
| #define HAVE_DLFCN_H 1
| /* end confdefs.h.  */
| #include <ac_nonexistent.h>
configure:7816: result: g++ -E
configure:7845: g++ -E  conftest.cpp
configure:7851: $? = 0
configure:7882: g++ -E  conftest.cpp
conftest.cpp:21: fatal error: ac_nonexistent.h: No such file or directory
compilation terminated.
configure:7888: $? = 1
configure: failed program was:
| /* confdefs.h.  */
| #define PACKAGE_NAME "GPSTK"
| #define PACKAGE_TARNAME "gpstk"
| #define PACKAGE_VERSION "1.6"
| #define PACKAGE_STRING "GPSTK 1.6"
| #define PACKAGE_BUGREPORT "http://www.gpstk.org/"
| #define PACKAGE "gpstk"
| #define VERSION "1.6"
| #define STDC_HEADERS 1
| #define HAVE_SYS_TYPES_H 1
| #define HAVE_SYS_STAT_H 1
| #define HAVE_STDLIB_H 1
| #define HAVE_STRING_H 1
| #define HAVE_MEMORY_H 1
| #define HAVE_STRINGS_H 1
| #define HAVE_INTTYPES_H 1
| #define HAVE_STDINT_H 1
| #define HAVE_UNISTD_H 1
| #define HAVE_DLFCN_H 1
| /* end confdefs.h.  */
| #include <ac_nonexistent.h>
configure:8100: checking for objdir
configure:8115: result: .libs
configure:8407: checking if gcc supports -fno-rtti -fno-exceptions
configure:8425: gcc -c -g -O2  -fno-rtti -fno-exceptions conftest.c >&5
cc1: warning: command line option "-fno-rtti" is valid for C++/ObjC++ but not for C
configure:8429: $? = 0
configure:8442: result: no
configure:8462: checking for gcc option to produce PIC
configure:8719: result: -fPIC -DPIC
configure:8731: checking if gcc PIC flag -fPIC -DPIC works
configure:8749: gcc -c -g -O2  -fPIC -DPIC -DPIC conftest.c >&5
configure:8753: $? = 0
configure:8766: result: yes
configure:8790: checking if gcc static flag -static works
configure:8818: result: yes
configure:8833: checking if gcc supports -c -o file.o
configure:8854: gcc -c -g -O2  -o out/conftest2.o conftest.c >&5
configure:8858: $? = 0
configure:8880: result: yes
configure:8888: checking if gcc supports -c -o file.o
configure:8935: result: yes
configure:8968: checking whether the gcc linker (/usr/bin/ld) supports shared libraries
configure:10023: result: yes
configure:10060: checking whether -lc should be explicitly linked in
configure:10065: gcc -c -g -O2  conftest.c >&5
configure:10068: $? = 0
configure:10083: gcc -shared conftest.o  -v -Wl,-soname -Wl,conftest -o conftest 2\>\&1 \| /bin/grep  -lc  \>/dev/null 2\>\&1
configure:10086: $? = 0
configure:10098: result: no
configure:10262: checking dynamic linker characteristics
configure:10705: gcc -o conftest -g -O2   -Wl,-rpath -Wl,/foo conftest.c  >&5
configure:10711: $? = 0
configure:10953: result: GNU/Linux ld.so
configure:11055: checking how to hardcode library paths into programs
configure:11080: result: immediate
configure:11893: checking whether stripping libraries is possible
configure:11898: result: yes
configure:11933: checking if libtool supports shared libraries
configure:11935: result: yes
configure:11938: checking whether to build shared libraries
configure:11959: result: yes
configure:11962: checking whether to build static libraries
configure:11966: result: yes
configure:12116: checking for ld used by g++
configure:12183: result: /usr/bin/ld
configure:12192: checking if the linker (/usr/bin/ld) is GNU ld
configure:12207: result: yes
configure:12262: checking whether the g++ linker (/usr/bin/ld) supports shared libraries
configure:13224: result: yes
configure:13252: g++ -c -g -O2  conftest.cpp >&5
configure:13255: $? = 0
configure:13437: checking for g++ option to produce PIC
configure:13746: result: -fPIC -DPIC
configure:13755: checking if g++ PIC flag -fPIC -DPIC works
configure:13773: g++ -c -g -O2  -fPIC -DPIC -DPIC conftest.cpp >&5
configure:13777: $? = 0
configure:13790: result: yes
configure:13811: checking if g++ static flag -static works
configure:13839: result: yes
configure:13851: checking if g++ supports -c -o file.o
configure:13872: g++ -c -g -O2  -o out/conftest2.o conftest.cpp >&5
configure:13876: $? = 0
configure:13898: result: yes
configure:13903: checking if g++ supports -c -o file.o
configure:13950: result: yes
configure:13980: checking whether the g++ linker (/usr/bin/ld) supports shared libraries
configure:14009: result: yes
configure:14146: checking dynamic linker characteristics
configure:14537: g++ -o conftest -g -O2   -Wl,-rpath -Wl,/foo conftest.cpp  >&5
configure:14543: $? = 0
configure:14785: result: GNU/Linux ld.so
configure:14836: checking how to hardcode library paths into programs
configure:14861: result: immediate
configure:14924: checking for working alloca.h
configure:14951: g++ -o conftest -g -O2   conftest.cpp  >&5
configure:14957: $? = 0
configure:14974: result: yes
configure:14984: checking for alloca
configure:15031: g++ -o conftest -g -O2   conftest.cpp  >&5
configure:15037: $? = 0
configure:15054: result: yes
configure:15289: checking for dirent.h that defines DIR
configure:15318: g++ -c -g -O2  conftest.cpp >&5
configure:15324: $? = 0
configure:15340: result: yes
configure:15353: checking for library containing opendir
configure:15394: g++ -o conftest -g -O2   conftest.cpp  >&5
configure:15400: $? = 0
configure:15428: result: none required
configure:15522: checking for ANSI C header files
configure:15686: result: yes
configure:15719: checking libintl.h usability
configure:15736: g++ -c -g -O2  conftest.cpp >&5
configure:15742: $? = 0
configure:15756: result: yes
configure:15760: checking libintl.h presence
configure:15775: g++ -E  conftest.cpp
configure:15781: $? = 0
configure:15795: result: yes
configure:15828: checking for libintl.h
configure:15836: result: yes
configure:15719: checking stddef.h usability
configure:15736: g++ -c -g -O2  conftest.cpp >&5
configure:15742: $? = 0
configure:15756: result: yes
configure:15760: checking stddef.h presence
configure:15775: g++ -E  conftest.cpp
configure:15781: $? = 0
configure:15795: result: yes
configure:15828: checking for stddef.h
configure:15836: result: yes
configure:15709: checking for stdlib.h
configure:15715: result: yes
configure:15709: checking for string.h
configure:15715: result: yes
configure:15709: checking for strings.h
configure:15715: result: yes
configure:15719: checking sys/param.h usability
configure:15736: g++ -c -g -O2  conftest.cpp >&5
configure:15742: $? = 0
configure:15756: result: yes
configure:15760: checking sys/param.h presence
configure:15775: g++ -E  conftest.cpp
configure:15781: $? = 0
configure:15795: result: yes
configure:15828: checking for sys/param.h
configure:15836: result: yes
configure:15719: checking sys/time.h usability
configure:15736: g++ -c -g -O2  conftest.cpp >&5
configure:15742: $? = 0
configure:15756: result: yes
configure:15760: checking sys/time.h presence
configure:15775: g++ -E  conftest.cpp
configure:15781: $? = 0
configure:15795: result: yes
configure:15828: checking for sys/time.h
configure:15836: result: yes
configure:15719: checking sys/timeb.h usability
configure:15736: g++ -c -g -O2  conftest.cpp >&5
configure:15742: $? = 0
configure:15756: result: yes
configure:15760: checking sys/timeb.h presence
configure:15775: g++ -E  conftest.cpp
configure:15781: $? = 0
configure:15795: result: yes
configure:15828: checking for sys/timeb.h
configure:15836: result: yes
configure:15709: checking for unistd.h
configure:15715: result: yes
configure:15851: checking for stdbool.h that conforms to C99
configure:15944: g++ -c -g -O2  conftest.cpp >&5
configure:15950: $? = 0
configure:15965: result: yes
configure:15967: checking for _Bool
configure:15997: g++ -c -g -O2  conftest.cpp >&5
conftest.cpp:68: error: '_Bool' does not name a type
conftest.cpp: In function 'int main()':
conftest.cpp:72: error: 'ac__type_new_' was not declared in this scope
conftest.cpp:72: error: expected primary-expression before ')' token
conftest.cpp:72: error: expected ')' before numeric constant
conftest.cpp:74: error: 'ac__type_new_' was not declared in this scope
configure:16003: $? = 1
configure: failed program was:
| /* confdefs.h.  */
| #define PACKAGE_NAME "GPSTK"
| #define PACKAGE_TARNAME "gpstk"
| #define PACKAGE_VERSION "1.6"
| #define PACKAGE_STRING "GPSTK 1.6"
| #define PACKAGE_BUGREPORT "http://www.gpstk.org/"
| #define PACKAGE "gpstk"
| #define VERSION "1.6"
| #define STDC_HEADERS 1
| #define HAVE_SYS_TYPES_H 1
| #define HAVE_SYS_STAT_H 1
| #define HAVE_STDLIB_H 1
| #define HAVE_STRING_H 1
| #define HAVE_MEMORY_H 1
| #define HAVE_STRINGS_H 1
| #define HAVE_INTTYPES_H 1
| #define HAVE_STDINT_H 1
| #define HAVE_UNISTD_H 1
| #define HAVE_DLFCN_H 1
| #define LT_OBJDIR ".libs/"
| #define HAVE_ALLOCA_H 1
| #define HAVE_ALLOCA 1
| #define HAVE_DIRENT_H 1
| #define STDC_HEADERS 1
| #define HAVE_LIBINTL_H 1
| #define HAVE_STDDEF_H 1
| #define HAVE_STDLIB_H 1
| #define HAVE_STRING_H 1
| #define HAVE_STRINGS_H 1
| #define HAVE_SYS_PARAM_H 1
| #define HAVE_SYS_TIME_H 1
| #define HAVE_SYS_TIMEB_H 1
| #define HAVE_UNISTD_H 1
| /* end confdefs.h.  */
| #include <stdio.h>
| #ifdef HAVE_SYS_TYPES_H
| # include <sys/types.h>
| #endif
| #ifdef HAVE_SYS_STAT_H
| # include <sys/stat.h>
| #endif
| #ifdef STDC_HEADERS
| # include <stdlib.h>
| # include <stddef.h>
| #else
| # ifdef HAVE_STDLIB_H
| #  include <stdlib.h>
| # endif
| #endif
| #ifdef HAVE_STRING_H
| # if !defined STDC_HEADERS && defined HAVE_MEMORY_H
| #  include <memory.h>
| # endif
| # include <string.h>
| #endif
| #ifdef HAVE_STRINGS_H
| # include <strings.h>
| #endif
| #ifdef HAVE_INTTYPES_H
| # include <inttypes.h>
| #endif
| #ifdef HAVE_STDINT_H
| # include <stdint.h>
| #endif
| #ifdef HAVE_UNISTD_H
| # include <unistd.h>
| #endif
| typedef _Bool ac__type_new_;
| int
| main ()
| {
| if ((ac__type_new_ *) 0)
|   return 0;
| if (sizeof (ac__type_new_))
|   return 0;
|   ;
|   return 0;
| }
configure:16018: result: no
configure:16037: checking for an ANSI C-conforming const
configure:16112: g++ -c -g -O2  conftest.cpp >&5
configure:16118: $? = 0
configure:16133: result: yes
configure:16143: checking for inline
configure:16169: g++ -c -g -O2  conftest.cpp >&5
configure:16175: $? = 0
configure:16193: result: inline
configure:16212: checking for size_t
configure:16242: g++ -c -g -O2  conftest.cpp >&5
configure:16248: $? = 0
configure:16263: result: yes
configure:16275: checking whether time.h and sys/time.h may both be included
configure:16305: g++ -c -g -O2  conftest.cpp >&5
configure:16311: $? = 0
configure:16326: result: yes
configure:16336: checking whether struct tm is in sys/time.h or time.h
configure:16366: g++ -c -g -O2  conftest.cpp >&5
configure:16372: $? = 0
configure:16387: result: time.h
configure:16399: checking whether closedir returns void
configure:16433: g++ -o conftest -g -O2   conftest.cpp  >&5
configure:16436: $? = 0
configure:16442: ./conftest
configure:16445: $? = 0
configure:16461: result: no
configure:16471: checking for error_at_line
configure:16497: g++ -o conftest -g -O2   conftest.cpp  >&5
configure:16503: $? = 0
configure:16520: result: yes
configure:16536: checking for stdlib.h
configure:16542: result: yes
configure:16676: checking for GNU libc compatible malloc
configure:16710: g++ -o conftest -g -O2   conftest.cpp  >&5
configure:16713: $? = 0
configure:16719: ./conftest
configure:16722: $? = 0
configure:16738: result: yes
configure:16771: checking for stdlib.h
configure:16777: result: yes
configure:16911: checking for GNU libc compatible realloc
configure:16945: g++ -o conftest -g -O2   conftest.cpp  >&5
configure:16948: $? = 0
configure:16954: ./conftest
configure:16957: $? = 0
configure:16973: result: yes
configure:17001: checking whether lstat dereferences a symlink specified with a trailing slash
configure:17037: g++ -o conftest -g -O2   conftest.cpp  >&5
configure:17040: $? = 0
configure:17046: ./conftest
configure:17049: $? = 0
configure:17072: result: yes
configure:17091: checking whether stat accepts an empty string
configure:17121: g++ -o conftest -g -O2   conftest.cpp  >&5
configure:17124: $? = 0
configure:17130: ./conftest
configure:17133: $? = 0
configure:17149: result: no
configure:17165: checking for working strtod
configure:17216: g++ -o conftest -g -O2   conftest.cpp  >&5
conftest.cpp: In function 'int main()':
conftest.cpp:84: warning: deprecated conversion from string constant to 'char*'
conftest.cpp:95: warning: deprecated conversion from string constant to 'char*'
conftest.cpp:97: warning: ignoring return value of 'double strtod(const char*, char**)', declared with attribute warn_unused_result
configure:17219: $? = 0
configure:17225: ./conftest
configure:17228: $? = 0
configure:17244: result: yes
configure:17426: checking for bzero
configure:17482: g++ -o conftest -g -O2   conftest.cpp  >&5
configure:17488: $? = 0
configure:17506: result: yes
configure:17426: checking for floor
configure:17482: g++ -o conftest -g -O2   conftest.cpp  >&5
configure:17488: $? = 0
configure:17506: result: yes
configure:17426: checking for ftime
configure:17482: g++ -o conftest -g -O2   conftest.cpp  >&5
configure:17488: $? = 0
configure:17506: result: yes
configure:17426: checking for getcwd
configure:17482: g++ -o conftest -g -O2   conftest.cpp  >&5
configure:17488: $? = 0
configure:17506: result: yes
configure:17426: checking for gettimeofday
configure:17482: g++ -o conftest -g -O2   conftest.cpp  >&5
configure:17488: $? = 0
configure:17506: result: yes
configure:17426: checking for memset
configure:17482: g++ -o conftest -g -O2   conftest.cpp  >&5
configure:17488: $? = 0
configure:17506: result: yes
configure:17426: checking for mkdir
configure:17482: g++ -o conftest -g -O2   conftest.cpp  >&5
configure:17488: $? = 0
configure:17506: result: yes
configure:17426: checking for modf
configure:17482: g++ -o conftest -g -O2   conftest.cpp  >&5
configure:17488: $? = 0
configure:17506: result: yes
configure:17426: checking for pow
configure:17482: g++ -o conftest -g -O2   conftest.cpp  >&5
configure:17488: $? = 0
configure:17506: result: yes
configure:17426: checking for re_comp
configure:17482: g++ -o conftest -g -O2   conftest.cpp  >&5
configure:17488: $? = 0
configure:17506: result: yes
configure:17426: checking for regcomp
configure:17482: g++ -o conftest -g -O2   conftest.cpp  >&5
configure:17488: $? = 0
configure:17506: result: yes
configure:17426: checking for sqrt
configure:17482: g++ -o conftest -g -O2   conftest.cpp  >&5
configure:17488: $? = 0
configure:17506: result: yes
configure:17426: checking for strstr
configure:17482: g++ -o conftest -g -O2   conftest.cpp  >&5
configure:17488: $? = 0
configure:17506: result: yes
configure:17426: checking for strtol
configure:17482: g++ -o conftest -g -O2   conftest.cpp  >&5
configure:17488: $? = 0
configure:17506: result: yes
configure:17426: checking for strtoul
configure:17482: g++ -o conftest -g -O2   conftest.cpp  >&5
configure:17488: $? = 0
configure:17506: result: yes
configure:17516: checking for pthread_setcancelstate in -lpthread
configure:17551: g++ -o conftest -g -O2   conftest.cpp -lpthread   >&5
configure:17557: $? = 0
configure:17575: result: yes
configure:17748: creating ./config.status

## ---------------------- ##
## Running config.status. ##
## ---------------------- ##

This file was extended by GPSTK config.status 1.6, which was
generated by GNU Autoconf 2.61.  Invocation command line was

  CONFIG_FILES    = 
  CONFIG_HEADERS  = 
  CONFIG_LINKS    = 
  CONFIG_COMMANDS = 
  $ ./config.status 

on vipul-laptop

config.status:932: creating Makefile
config.status:932: creating lib/Makefile
config.status:932: creating lib/rxio/Makefile
config.status:932: creating lib/vplot/Makefile
config.status:932: creating lib/vdraw/Makefile
config.status:932: creating lib/geomatics/Makefile
config.status:932: creating lib/procframe/Makefile
config.status:932: creating src/Makefile
config.status:932: creating apps/Makefile
config.status:932: creating apps/DataAvailability/Makefile
config.status:932: creating apps/MDPtools/Makefile
config.status:932: creating apps/ObsArrayEvaluator/Makefile
config.status:932: creating apps/Rinextools/Makefile
config.status:932: creating apps/checktools/Makefile
config.status:932: creating apps/clocktools/Makefile
config.status:932: creating apps/converters/Makefile
config.status:932: creating apps/differential/Makefile
config.status:932: creating apps/difftools/Makefile
config.status:932: creating apps/filetools/Makefile
config.status:932: creating apps/geomatics/Makefile
config.status:932: creating apps/geomatics/cycleslips/Makefile
config.status:932: creating apps/geomatics/kalman/Makefile
config.status:932: creating apps/geomatics/relposition/Makefile
config.status:932: creating apps/geomatics/robust/Makefile
config.status:932: creating apps/ionosphere/Makefile
config.status:932: creating apps/mergetools/Makefile
config.status:932: creating apps/multipath/Makefile
config.status:932: creating apps/performance/Makefile
config.status:932: creating apps/positioning/Makefile
config.status:932: creating apps/qa/Makefile
config.status:932: creating apps/receiver/Makefile
config.status:932: creating apps/reszilla/Makefile
config.status:932: creating apps/rfw/Makefile
config.status:932: creating apps/swrx/Makefile
config.status:932: creating apps/time/Makefile
config.status:932: creating apps/visibility/Makefile
config.status:932: creating tests/Makefile
config.status:932: creating examples/Makefile
config.status:1123: executing depfiles commands
config.status:1123: executing libtool commands

## ---------------- ##
## Cache variables. ##
## ---------------- ##

ac_cv_build=i686-pc-linux-gnu
ac_cv_c_compiler_gnu=yes
ac_cv_c_const=yes
ac_cv_c_inline=inline
ac_cv_cxx_compiler_gnu=yes
ac_cv_env_CCC_set=
ac_cv_env_CCC_value=
ac_cv_env_CC_set=
ac_cv_env_CC_value=
ac_cv_env_CFLAGS_set=
ac_cv_env_CFLAGS_value=
ac_cv_env_CPPFLAGS_set=
ac_cv_env_CPPFLAGS_value=
ac_cv_env_CPP_set=
ac_cv_env_CPP_value=
ac_cv_env_CXXCPP_set=
ac_cv_env_CXXCPP_value=
ac_cv_env_CXXFLAGS_set=
ac_cv_env_CXXFLAGS_value=
ac_cv_env_CXX_set=
ac_cv_env_CXX_value=
ac_cv_env_LDFLAGS_set=
ac_cv_env_LDFLAGS_value=
ac_cv_env_LIBS_set=
ac_cv_env_LIBS_value=
ac_cv_env_build_alias_set=
ac_cv_env_build_alias_value=
ac_cv_env_host_alias_set=
ac_cv_env_host_alias_value=
ac_cv_env_target_alias_set=
ac_cv_env_target_alias_value=
ac_cv_func_alloca_works=yes
ac_cv_func_bzero=yes
ac_cv_func_closedir_void=no
ac_cv_func_floor=yes
ac_cv_func_ftime=yes
ac_cv_func_getcwd=yes
ac_cv_func_gettimeofday=yes
ac_cv_func_lstat_dereferences_slashed_symlink=yes
ac_cv_func_malloc_0_nonnull=yes
ac_cv_func_memset=yes
ac_cv_func_mkdir=yes
ac_cv_func_modf=yes
ac_cv_func_pow=yes
ac_cv_func_re_comp=yes
ac_cv_func_realloc_0_nonnull=yes
ac_cv_func_regcomp=yes
ac_cv_func_sqrt=yes
ac_cv_func_stat_empty_string_bug=no
ac_cv_func_strstr=yes
ac_cv_func_strtod=yes
ac_cv_func_strtol=yes
ac_cv_func_strtoul=yes
ac_cv_header_dirent_dirent_h=yes
ac_cv_header_dlfcn_h=yes
ac_cv_header_inttypes_h=yes
ac_cv_header_libintl_h=yes
ac_cv_header_memory_h=yes
ac_cv_header_stdbool_h=yes
ac_cv_header_stdc=yes
ac_cv_header_stddef_h=yes
ac_cv_header_stdint_h=yes
ac_cv_header_stdlib_h=yes
ac_cv_header_string_h=yes
ac_cv_header_strings_h=yes
ac_cv_header_sys_param_h=yes
ac_cv_header_sys_stat_h=yes
ac_cv_header_sys_time_h=yes
ac_cv_header_sys_timeb_h=yes
ac_cv_header_sys_types_h=yes
ac_cv_header_time=yes
ac_cv_header_unistd_h=yes
ac_cv_host=i686-pc-linux-gnu
ac_cv_lib_error_at_line=yes
ac_cv_lib_pthread_pthread_setcancelstate=yes
ac_cv_objext=o
ac_cv_path_EGREP='/bin/grep -E'
ac_cv_path_FGREP='/bin/grep -F'
ac_cv_path_GREP=/bin/grep
ac_cv_path_SED=/bin/sed
ac_cv_path_install='/usr/bin/install -c'
ac_cv_path_mkdir=/bin/mkdir
ac_cv_prog_AWK=mawk
ac_cv_prog_CPP='gcc -E'
ac_cv_prog_CXXCPP='g++ -E'
ac_cv_prog_ac_ct_AR=ar
ac_cv_prog_ac_ct_CC=gcc
ac_cv_prog_ac_ct_CXX=g++
ac_cv_prog_ac_ct_RANLIB=ranlib
ac_cv_prog_ac_ct_STRIP=strip
ac_cv_prog_cc_c89=
ac_cv_prog_cc_g=yes
ac_cv_prog_cxx_g=yes
ac_cv_prog_make_make_set=yes
ac_cv_search_opendir='none required'
ac_cv_struct_tm=time.h
ac_cv_type__Bool=no
ac_cv_type_size_t=yes
ac_cv_working_alloca_h=yes
am_cv_CC_dependencies_compiler_type=gcc3
am_cv_CXX_dependencies_compiler_type=gcc3
lt_cv_deplibs_check_method=pass_all
lt_cv_file_magic_cmd='$MAGIC_CMD'
lt_cv_file_magic_test_file=
lt_cv_ld_reload_flag=-r
lt_cv_nm_interface='BSD nm'
lt_cv_objdir=.libs
lt_cv_path_LD=/usr/bin/ld
lt_cv_path_LDCXX=/usr/bin/ld
lt_cv_path_NM='/usr/bin/nm -B'
lt_cv_prog_compiler_c_o=yes
lt_cv_prog_compiler_c_o_CXX=yes
lt_cv_prog_compiler_pic_works=yes
lt_cv_prog_compiler_pic_works_CXX=yes
lt_cv_prog_compiler_rtti_exceptions=no
lt_cv_prog_compiler_static_works=yes
lt_cv_prog_compiler_static_works_CXX=yes
lt_cv_prog_gnu_ld=yes
lt_cv_prog_gnu_ldcxx=yes
lt_cv_sys_global_symbol_pipe='sed -n -e '\''s/^.*[	 ]\([ABCDGIRSTW][ABCDGIRSTW]*\)[	 ][	 ]*\([_A-Za-z][_A-Za-z0-9]*\)$/\1 \2 \2/p'\'''
lt_cv_sys_global_symbol_to_c_name_address='sed -n -e '\''s/^: \([^ ]*\) $/  {\"\1\", (void *) 0},/p'\'' -e '\''s/^[ABCDGIRSTW]* \([^ ]*\) \([^ ]*\)$/  {"\2", (void *) \&\2},/p'\'''
lt_cv_sys_global_symbol_to_c_name_address_lib_prefix='sed -n -e '\''s/^: \([^ ]*\) $/  {\"\1\", (void *) 0},/p'\'' -e '\''s/^[ABCDGIRSTW]* \([^ ]*\) \(lib[^ ]*\)$/  {"\2", (void *) \&\2},/p'\'' -e '\''s/^[ABCDGIRSTW]* \([^ ]*\) \([^ ]*\)$/  {"lib\2", (void *) \&\2},/p'\'''
lt_cv_sys_global_symbol_to_cdecl='sed -n -e '\''s/^T .* \(.*\)$/extern int \1();/p'\'' -e '\''s/^[ABCDGIRSTW]* .* \(.*\)$/extern char \1;/p'\'''
lt_cv_sys_max_cmd_len=1572864

## ----------------- ##
## Output variables. ##
## ----------------- ##

ACLOCAL='${SHELL} /home/vipul/ossim-svn/gpstk-1.6.src/missing --run aclocal-1.10'
ALLOCA=''
AMDEPBACKSLASH='\'
AMDEP_FALSE='#'
AMDEP_TRUE=''
AMTAR='${SHELL} /home/vipul/ossim-svn/gpstk-1.6.src/missing --run tar'
AR='ar'
AUTOCONF='${SHELL} /home/vipul/ossim-svn/gpstk-1.6.src/missing --run autoconf'
AUTOHEADER='${SHELL} /home/vipul/ossim-svn/gpstk-1.6.src/missing --run autoheader'
AUTOMAKE='${SHELL} /home/vipul/ossim-svn/gpstk-1.6.src/missing --run automake-1.10'
AWK='mawk'
CC='gcc'
CCDEPMODE='depmode=gcc3'
CFLAGS='-g -O2'
CPP='gcc -E'
CPPFLAGS=''
CXX='g++'
CXXCPP='g++ -E'
CXXDEPMODE='depmode=gcc3'
CXXFLAGS='-g -O2'
CYGPATH_W='echo'
DEFS='-DPACKAGE_NAME=\"GPSTK\" -DPACKAGE_TARNAME=\"gpstk\" -DPACKAGE_VERSION=\"1.6\" -DPACKAGE_STRING=\"GPSTK\ 1.6\" -DPACKAGE_BUGREPORT=\"http://www.gpstk.org/\" -DPACKAGE=\"gpstk\" -DVERSION=\"1.6\" -DSTDC_HEADERS=1 -DHAVE_SYS_TYPES_H=1 -DHAVE_SYS_STAT_H=1 -DHAVE_STDLIB_H=1 -DHAVE_STRING_H=1 -DHAVE_MEMORY_H=1 -DHAVE_STRINGS_H=1 -DHAVE_INTTYPES_H=1 -DHAVE_STDINT_H=1 -DHAVE_UNISTD_H=1 -DHAVE_DLFCN_H=1 -DLT_OBJDIR=\".libs/\" -DHAVE_ALLOCA_H=1 -DHAVE_ALLOCA=1 -DHAVE_DIRENT_H=1 -DSTDC_HEADERS=1 -DHAVE_LIBINTL_H=1 -DHAVE_STDDEF_H=1 -DHAVE_STDLIB_H=1 -DHAVE_STRING_H=1 -DHAVE_STRINGS_H=1 -DHAVE_SYS_PARAM_H=1 -DHAVE_SYS_TIME_H=1 -DHAVE_SYS_TIMEB_H=1 -DHAVE_UNISTD_H=1 -DHAVE_STDBOOL_H=1 -DTIME_WITH_SYS_TIME=1 -DHAVE_STDLIB_H=1 -DHAVE_MALLOC=1 -DHAVE_STDLIB_H=1 -DHAVE_REALLOC=1 -DLSTAT_FOLLOWS_SLASHED_SYMLINK=1 -DHAVE_BZERO=1 -DHAVE_FLOOR=1 -DHAVE_FTIME=1 -DHAVE_GETCWD=1 -DHAVE_GETTIMEOFDAY=1 -DHAVE_MEMSET=1 -DHAVE_MKDIR=1 -DHAVE_MODF=1 -DHAVE_POW=1 -DHAVE_RE_COMP=1 -DHAVE_REGCOMP=1 -DHAVE_SQRT=1 -DHAVE_STRSTR=1 -DHAVE_STRTOL=1 -DHAVE_STRTOUL=1 -DHAVE_LIBPTHREAD='
DEPDIR='.deps'
DSYMUTIL=''
DUMPBIN=''
ECHO_C=''
ECHO_N='-n'
ECHO_T=''
EGREP='/bin/grep -E'
EXEEXT=''
FGREP='/bin/grep -F'
GPSTK_SO_VERSION='16:0:0'
GREP='/bin/grep'
INSTALL_DATA='${INSTALL} -m 644'
INSTALL_PROGRAM='${INSTALL}'
INSTALL_SCRIPT='${INSTALL}'
INSTALL_STRIP_PROGRAM='$(install_sh) -c -s'
LD='/usr/bin/ld'
LDFLAGS=''
LIBOBJS=''
LIBPTHREAD='-lpthread'
LIBS=''
LIBTOOL='$(SHELL) $(top_builddir)/libtool'
LIPO=''
LN_S='ln -s'
LTLIBOBJS=''
MAKEINFO='${SHELL} /home/vipul/ossim-svn/gpstk-1.6.src/missing --run makeinfo'
NM='/usr/bin/nm -B'
NMEDIT=''
OBJEXT='o'
OTOOL64=''
OTOOL=''
PACKAGE='gpstk'
PACKAGE_BUGREPORT='http://www.gpstk.org/'
PACKAGE_NAME='GPSTK'
PACKAGE_STRING='GPSTK 1.6'
PACKAGE_TARNAME='gpstk'
PACKAGE_VERSION='1.6'
PATH_SEPARATOR=':'
POW_LIB=''
RANLIB='ranlib'
SED='/bin/sed'
SET_MAKE=''
SHELL='/bin/bash'
STRIP='strip'
VERSION='1.6'
ac_ct_CC='gcc'
ac_ct_CXX='g++'
ac_ct_DUMPBIN=''
am__fastdepCC_FALSE='#'
am__fastdepCC_TRUE=''
am__fastdepCXX_FALSE='#'
am__fastdepCXX_TRUE=''
am__include='include'
am__isrc=''
am__leading_dot='.'
am__quote=''
am__tar='${AMTAR} chof - "$$tardir"'
am__untar='${AMTAR} xf -'
bindir='${exec_prefix}/bin'
build='i686-pc-linux-gnu'
build_alias=''
build_cpu='i686'
build_os='linux-gnu'
build_vendor='pc'
datadir='${datarootdir}'
datarootdir='${prefix}/share'
docdir='${datarootdir}/doc/${PACKAGE_TARNAME}'
dvidir='${docdir}'
exec_prefix='${prefix}'
host='i686-pc-linux-gnu'
host_alias=''
host_cpu='i686'
host_os='linux-gnu'
host_vendor='pc'
htmldir='${docdir}'
includedir='${prefix}/include'
infodir='${datarootdir}/info'
install_sh='$(SHELL) /home/vipul/ossim-svn/gpstk-1.6.src/install-sh'
libdir='${exec_prefix}/lib'
libexecdir='${exec_prefix}/libexec'
localedir='${datarootdir}/locale'
localstatedir='${prefix}/var'
lt_ECHO='echo'
mandir='${datarootdir}/man'
mkdir_p='/bin/mkdir -p'
oldincludedir='/usr/include'
pdfdir='${docdir}'
prefix='/usr/local'
program_transform_name='s,x,x,'
psdir='${docdir}'
sbindir='${exec_prefix}/sbin'
sharedstatedir='${prefix}/com'
sysconfdir='${prefix}/etc'
target_alias=''

## ----------- ##
## confdefs.h. ##
## ----------- ##

#define PACKAGE_NAME "GPSTK"
#define PACKAGE_TARNAME "gpstk"
#define PACKAGE_VERSION "1.6"
#define PACKAGE_STRING "GPSTK 1.6"
#define PACKAGE_BUGREPORT "http://www.gpstk.org/"
#define PACKAGE "gpstk"
#define VERSION "1.6"
#define STDC_HEADERS 1
#define HAVE_SYS_TYPES_H 1
#define HAVE_SYS_STAT_H 1
#define HAVE_STDLIB_H 1
#define HAVE_STRING_H 1
#define HAVE_MEMORY_H 1
#define HAVE_STRINGS_H 1
#define HAVE_INTTYPES_H 1
#define HAVE_STDINT_H 1
#define HAVE_UNISTD_H 1
#define HAVE_DLFCN_H 1
#define LT_OBJDIR ".libs/"
#define HAVE_ALLOCA_H 1
#define HAVE_ALLOCA 1
#define HAVE_DIRENT_H 1
#define STDC_HEADERS 1
#define HAVE_LIBINTL_H 1
#define HAVE_STDDEF_H 1
#define HAVE_STDLIB_H 1
#define HAVE_STRING_H 1
#define HAVE_STRINGS_H 1
#define HAVE_SYS_PARAM_H 1
#define HAVE_SYS_TIME_H 1
#define HAVE_SYS_TIMEB_H 1
#define HAVE_UNISTD_H 1
#define HAVE_STDBOOL_H 1
#define TIME_WITH_SYS_TIME 1
#define HAVE_STDLIB_H 1
#define HAVE_MALLOC 1
#define HAVE_STDLIB_H 1
#define HAVE_REALLOC 1
#define LSTAT_FOLLOWS_SLASHED_SYMLINK 1
#define HAVE_BZERO 1
#define HAVE_FLOOR 1
#define HAVE_FTIME 1
#define HAVE_GETCWD 1
#define HAVE_GETTIMEOFDAY 1
#define HAVE_MEMSET 1
#define HAVE_MKDIR 1
#define HAVE_MODF 1
#define HAVE_POW 1
#define HAVE_RE_COMP 1
#define HAVE_REGCOMP 1
#define HAVE_SQRT 1
#define HAVE_STRSTR 1
#define HAVE_STRTOL 1
#define HAVE_STRTOUL 1
#define HAVE_LIBPTHREAD

configure: exit 0
